2020-05-16 23:14:18 [scrapy.utils.log] INFO: Scrapy 1.6.0 started (bot: Maoyan)
2020-05-16 23:14:18 [scrapy.utils.log] INFO: Versions: lxml 4.1.0.0, libxml2 2.9.8, cssselect 1.0.3, parsel 1.5.1, w3lib 1.20.0, Twisted 19.2.0, Python 3.6.3 |Anaconda, Inc.| (default, Oct 15 2017, 03:27:45) [MSC v.1900 64 bit (AMD64)], pyOpenSSL 17.2.0 (OpenSSL 1.1.1d  10 Sep 2019), cryptography 2.6.1, Platform Windows-7-6.1.7601-SP1
2020-05-16 23:14:18 [scrapy.crawler] INFO: Overridden settings: {'BOT_NAME': 'Maoyan', 'LOG_FILE': 'maoyan.log', 'LOG_LEVEL': 'INFO', 'NEWSPIDER_MODULE': 'Maoyan.spiders', 'SPIDER_MODULES': ['Maoyan.spiders']}
2020-05-16 23:14:18 [scrapy.extensions.telnet] INFO: Telnet Password: a7ee6ff16a6eea49
2020-05-16 23:14:19 [scrapy.middleware] INFO: Enabled extensions:
['scrapy.extensions.corestats.CoreStats',
 'scrapy.extensions.telnet.TelnetConsole',
 'scrapy.extensions.logstats.LogStats']
2020-05-16 23:14:19 [scrapy.middleware] INFO: Enabled downloader middlewares:
['scrapy.downloadermiddlewares.httpauth.HttpAuthMiddleware',
 'scrapy.downloadermiddlewares.downloadtimeout.DownloadTimeoutMiddleware',
 'scrapy.downloadermiddlewares.defaultheaders.DefaultHeadersMiddleware',
 'scrapy.downloadermiddlewares.useragent.UserAgentMiddleware',
 'scrapy.downloadermiddlewares.retry.RetryMiddleware',
 'scrapy.downloadermiddlewares.redirect.MetaRefreshMiddleware',
 'scrapy.downloadermiddlewares.httpcompression.HttpCompressionMiddleware',
 'scrapy.downloadermiddlewares.redirect.RedirectMiddleware',
 'scrapy.downloadermiddlewares.cookies.CookiesMiddleware',
 'scrapy.downloadermiddlewares.httpproxy.HttpProxyMiddleware',
 'scrapy.downloadermiddlewares.stats.DownloaderStats']
2020-05-16 23:14:19 [scrapy.middleware] INFO: Enabled spider middlewares:
['scrapy.spidermiddlewares.httperror.HttpErrorMiddleware',
 'scrapy.spidermiddlewares.offsite.OffsiteMiddleware',
 'scrapy.spidermiddlewares.referer.RefererMiddleware',
 'scrapy.spidermiddlewares.urllength.UrlLengthMiddleware',
 'scrapy.spidermiddlewares.depth.DepthMiddleware']
2020-05-16 23:14:19 [scrapy.middleware] INFO: Enabled item pipelines:
['Maoyan.pipelines.MaoyanPipeline']
2020-05-16 23:14:19 [scrapy.core.engine] INFO: Spider opened
2020-05-16 23:14:19 [scrapy.extensions.logstats] INFO: Crawled 0 pages (at 0 pages/min), scraped 0 items (at 0 items/min)
2020-05-16 23:14:19 [scrapy.extensions.telnet] INFO: Telnet console listening on 127.0.0.1:6023
2020-05-16 23:14:20 [scrapy.core.engine] INFO: Closing spider (finished)
2020-05-16 23:14:20 [scrapy.statscollectors] INFO: Dumping Scrapy stats:
{'downloader/request_bytes': 202,
 'downloader/request_count': 1,
 'downloader/request_method_count/GET': 1,
 'downloader/response_bytes': 6654,
 'downloader/response_count': 1,
 'downloader/response_status_count/200': 1,
 'finish_reason': 'finished',
 'finish_time': datetime.datetime(2020, 5, 16, 15, 14, 20, 251537),
 'item_scraped_count': 10,
 'log_count/INFO': 9,
 'response_received_count': 1,
 'scheduler/dequeued': 1,
 'scheduler/dequeued/memory': 1,
 'scheduler/enqueued': 1,
 'scheduler/enqueued/memory': 1,
 'start_time': datetime.datetime(2020, 5, 16, 15, 14, 19, 810511)}
2020-05-16 23:14:20 [scrapy.core.engine] INFO: Spider closed (finished)
2020-05-17 15:15:51 [scrapy.utils.log] INFO: Scrapy 1.6.0 started (bot: Maoyan)
2020-05-17 15:15:51 [scrapy.utils.log] INFO: Versions: lxml 4.1.0.0, libxml2 2.9.8, cssselect 1.0.3, parsel 1.5.1, w3lib 1.20.0, Twisted 19.2.0, Python 3.6.3 |Anaconda, Inc.| (default, Oct 15 2017, 03:27:45) [MSC v.1900 64 bit (AMD64)], pyOpenSSL 17.2.0 (OpenSSL 1.1.1d  10 Sep 2019), cryptography 2.6.1, Platform Windows-7-6.1.7601-SP1
2020-05-17 15:15:51 [scrapy.crawler] INFO: Overridden settings: {'BOT_NAME': 'Maoyan', 'LOG_FILE': 'maoyan.log', 'LOG_LEVEL': 'INFO', 'NEWSPIDER_MODULE': 'Maoyan.spiders', 'SPIDER_MODULES': ['Maoyan.spiders']}
2020-05-17 15:15:51 [scrapy.extensions.telnet] INFO: Telnet Password: 3a6d0ae622cf0a23
2020-05-17 15:15:51 [scrapy.middleware] INFO: Enabled extensions:
['scrapy.extensions.corestats.CoreStats',
 'scrapy.extensions.telnet.TelnetConsole',
 'scrapy.extensions.logstats.LogStats']
2020-05-17 15:15:52 [scrapy.middleware] INFO: Enabled downloader middlewares:
['scrapy.downloadermiddlewares.httpauth.HttpAuthMiddleware',
 'scrapy.downloadermiddlewares.downloadtimeout.DownloadTimeoutMiddleware',
 'scrapy.downloadermiddlewares.defaultheaders.DefaultHeadersMiddleware',
 'scrapy.downloadermiddlewares.useragent.UserAgentMiddleware',
 'scrapy.downloadermiddlewares.retry.RetryMiddleware',
 'scrapy.downloadermiddlewares.redirect.MetaRefreshMiddleware',
 'scrapy.downloadermiddlewares.httpcompression.HttpCompressionMiddleware',
 'scrapy.downloadermiddlewares.redirect.RedirectMiddleware',
 'scrapy.downloadermiddlewares.cookies.CookiesMiddleware',
 'scrapy.downloadermiddlewares.httpproxy.HttpProxyMiddleware',
 'scrapy.downloadermiddlewares.stats.DownloaderStats']
2020-05-17 15:15:52 [scrapy.middleware] INFO: Enabled spider middlewares:
['scrapy.spidermiddlewares.httperror.HttpErrorMiddleware',
 'scrapy.spidermiddlewares.offsite.OffsiteMiddleware',
 'scrapy.spidermiddlewares.referer.RefererMiddleware',
 'scrapy.spidermiddlewares.urllength.UrlLengthMiddleware',
 'scrapy.spidermiddlewares.depth.DepthMiddleware']
2020-05-17 15:15:52 [scrapy.middleware] INFO: Enabled item pipelines:
['Maoyan.pipelines.MaoyanMysqlPipline', 'Maoyan.pipelines.MaoyanPipeline']
2020-05-17 15:15:52 [scrapy.core.engine] INFO: Spider opened
2020-05-17 15:15:52 [scrapy.core.engine] INFO: Closing spider (shutdown)
2020-05-17 15:15:52 [scrapy.core.engine] ERROR: Scraper close failure
Traceback (most recent call last):
  File "E:\Users\Administrator\Anaconda3\lib\site-packages\scrapy\crawler.py", line 82, in crawl
    yield self.engine.open_spider(self.spider, start_requests)
TypeError: __init__() got an unexpected keyword argument 'uesr'

During handling of the above exception, another exception occurred:

Traceback (most recent call last):
  File "E:\Users\Administrator\Anaconda3\lib\site-packages\twisted\internet\defer.py", line 654, in _runCallbacks
    current.result = callback(current.result, *args, **kw)
  File "E:\DNF\spider\Maoyan\Maoyan\pipelines.py", line 47, in close_spider
    self.cursor.close()
AttributeError: 'MaoyanMysqlPipline' object has no attribute 'cursor'
2020-05-17 15:15:52 [scrapy.statscollectors] INFO: Dumping Scrapy stats:
{'finish_reason': 'shutdown',
 'finish_time': datetime.datetime(2020, 5, 17, 7, 15, 52, 922970),
 'log_count/ERROR': 1,
 'log_count/INFO': 7}
2020-05-17 15:15:52 [scrapy.core.engine] INFO: Spider closed (shutdown)
2020-05-17 15:15:52 [twisted] CRITICAL: Unhandled error in Deferred:
2020-05-17 15:15:52 [twisted] CRITICAL:
Traceback (most recent call last):
  File "E:\Users\Administrator\Anaconda3\lib\site-packages\twisted\internet\defer.py", line 1418, in _inlineCallbacks
    result = g.send(result)
  File "E:\Users\Administrator\Anaconda3\lib\site-packages\scrapy\crawler.py", line 82, in crawl
    yield self.engine.open_spider(self.spider, start_requests)
TypeError: __init__() got an unexpected keyword argument 'uesr'
2020-05-17 15:17:00 [scrapy.utils.log] INFO: Scrapy 1.6.0 started (bot: Maoyan)
2020-05-17 15:17:00 [scrapy.utils.log] INFO: Versions: lxml 4.1.0.0, libxml2 2.9.8, cssselect 1.0.3, parsel 1.5.1, w3lib 1.20.0, Twisted 19.2.0, Python 3.6.3 |Anaconda, Inc.| (default, Oct 15 2017, 03:27:45) [MSC v.1900 64 bit (AMD64)], pyOpenSSL 17.2.0 (OpenSSL 1.1.1d  10 Sep 2019), cryptography 2.6.1, Platform Windows-7-6.1.7601-SP1
2020-05-17 15:17:00 [scrapy.crawler] INFO: Overridden settings: {'BOT_NAME': 'Maoyan', 'LOG_FILE': 'maoyan.log', 'LOG_LEVEL': 'INFO', 'NEWSPIDER_MODULE': 'Maoyan.spiders', 'SPIDER_MODULES': ['Maoyan.spiders']}
2020-05-17 15:17:00 [scrapy.extensions.telnet] INFO: Telnet Password: 1f2cc7010881bc02
2020-05-17 15:17:00 [scrapy.middleware] INFO: Enabled extensions:
['scrapy.extensions.corestats.CoreStats',
 'scrapy.extensions.telnet.TelnetConsole',
 'scrapy.extensions.logstats.LogStats']
2020-05-17 15:17:01 [scrapy.middleware] INFO: Enabled downloader middlewares:
['scrapy.downloadermiddlewares.httpauth.HttpAuthMiddleware',
 'scrapy.downloadermiddlewares.downloadtimeout.DownloadTimeoutMiddleware',
 'scrapy.downloadermiddlewares.defaultheaders.DefaultHeadersMiddleware',
 'scrapy.downloadermiddlewares.useragent.UserAgentMiddleware',
 'scrapy.downloadermiddlewares.retry.RetryMiddleware',
 'scrapy.downloadermiddlewares.redirect.MetaRefreshMiddleware',
 'scrapy.downloadermiddlewares.httpcompression.HttpCompressionMiddleware',
 'scrapy.downloadermiddlewares.redirect.RedirectMiddleware',
 'scrapy.downloadermiddlewares.cookies.CookiesMiddleware',
 'scrapy.downloadermiddlewares.httpproxy.HttpProxyMiddleware',
 'scrapy.downloadermiddlewares.stats.DownloaderStats']
2020-05-17 15:17:01 [scrapy.middleware] INFO: Enabled spider middlewares:
['scrapy.spidermiddlewares.httperror.HttpErrorMiddleware',
 'scrapy.spidermiddlewares.offsite.OffsiteMiddleware',
 'scrapy.spidermiddlewares.referer.RefererMiddleware',
 'scrapy.spidermiddlewares.urllength.UrlLengthMiddleware',
 'scrapy.spidermiddlewares.depth.DepthMiddleware']
2020-05-17 15:17:01 [scrapy.middleware] INFO: Enabled item pipelines:
['Maoyan.pipelines.MaoyanMysqlPipline', 'Maoyan.pipelines.MaoyanPipeline']
2020-05-17 15:17:01 [scrapy.core.engine] INFO: Spider opened
2020-05-17 15:17:01 [scrapy.core.engine] INFO: Closing spider (shutdown)
2020-05-17 15:17:01 [scrapy.core.engine] ERROR: Scraper close failure
Traceback (most recent call last):
  File "E:\Users\Administrator\Anaconda3\lib\site-packages\scrapy\crawler.py", line 82, in crawl
    yield self.engine.open_spider(self.spider, start_requests)
pymysql.err.InternalError: (1049, "Unknown database 'filmdb'")

During handling of the above exception, another exception occurred:

Traceback (most recent call last):
  File "E:\Users\Administrator\Anaconda3\lib\site-packages\twisted\internet\defer.py", line 654, in _runCallbacks
    current.result = callback(current.result, *args, **kw)
  File "E:\DNF\spider\Maoyan\Maoyan\pipelines.py", line 47, in close_spider
    self.cursor.close()
AttributeError: 'MaoyanMysqlPipline' object has no attribute 'cursor'
2020-05-17 15:17:01 [scrapy.statscollectors] INFO: Dumping Scrapy stats:
{'finish_reason': 'shutdown',
 'finish_time': datetime.datetime(2020, 5, 17, 7, 17, 1, 279880),
 'log_count/ERROR': 1,
 'log_count/INFO': 7}
2020-05-17 15:17:01 [scrapy.core.engine] INFO: Spider closed (shutdown)
2020-05-17 15:17:01 [twisted] CRITICAL: Unhandled error in Deferred:
2020-05-17 15:17:01 [twisted] CRITICAL:
Traceback (most recent call last):
  File "E:\Users\Administrator\Anaconda3\lib\site-packages\twisted\internet\defer.py", line 1418, in _inlineCallbacks
    result = g.send(result)
  File "E:\Users\Administrator\Anaconda3\lib\site-packages\scrapy\crawler.py", line 82, in crawl
    yield self.engine.open_spider(self.spider, start_requests)
pymysql.err.InternalError: (1049, "Unknown database 'filmdb'")
2020-05-17 15:17:36 [scrapy.utils.log] INFO: Scrapy 1.6.0 started (bot: Maoyan)
2020-05-17 15:17:36 [scrapy.utils.log] INFO: Versions: lxml 4.1.0.0, libxml2 2.9.8, cssselect 1.0.3, parsel 1.5.1, w3lib 1.20.0, Twisted 19.2.0, Python 3.6.3 |Anaconda, Inc.| (default, Oct 15 2017, 03:27:45) [MSC v.1900 64 bit (AMD64)], pyOpenSSL 17.2.0 (OpenSSL 1.1.1d  10 Sep 2019), cryptography 2.6.1, Platform Windows-7-6.1.7601-SP1
2020-05-17 15:17:36 [scrapy.crawler] INFO: Overridden settings: {'BOT_NAME': 'Maoyan', 'LOG_FILE': 'maoyan.log', 'LOG_LEVEL': 'INFO', 'NEWSPIDER_MODULE': 'Maoyan.spiders', 'SPIDER_MODULES': ['Maoyan.spiders']}
2020-05-17 15:17:36 [scrapy.extensions.telnet] INFO: Telnet Password: 973015041645dfb8
2020-05-17 15:17:36 [scrapy.middleware] INFO: Enabled extensions:
['scrapy.extensions.corestats.CoreStats',
 'scrapy.extensions.telnet.TelnetConsole',
 'scrapy.extensions.logstats.LogStats']
2020-05-17 15:17:36 [scrapy.middleware] INFO: Enabled downloader middlewares:
['scrapy.downloadermiddlewares.httpauth.HttpAuthMiddleware',
 'scrapy.downloadermiddlewares.downloadtimeout.DownloadTimeoutMiddleware',
 'scrapy.downloadermiddlewares.defaultheaders.DefaultHeadersMiddleware',
 'scrapy.downloadermiddlewares.useragent.UserAgentMiddleware',
 'scrapy.downloadermiddlewares.retry.RetryMiddleware',
 'scrapy.downloadermiddlewares.redirect.MetaRefreshMiddleware',
 'scrapy.downloadermiddlewares.httpcompression.HttpCompressionMiddleware',
 'scrapy.downloadermiddlewares.redirect.RedirectMiddleware',
 'scrapy.downloadermiddlewares.cookies.CookiesMiddleware',
 'scrapy.downloadermiddlewares.httpproxy.HttpProxyMiddleware',
 'scrapy.downloadermiddlewares.stats.DownloaderStats']
2020-05-17 15:17:36 [scrapy.middleware] INFO: Enabled spider middlewares:
['scrapy.spidermiddlewares.httperror.HttpErrorMiddleware',
 'scrapy.spidermiddlewares.offsite.OffsiteMiddleware',
 'scrapy.spidermiddlewares.referer.RefererMiddleware',
 'scrapy.spidermiddlewares.urllength.UrlLengthMiddleware',
 'scrapy.spidermiddlewares.depth.DepthMiddleware']
2020-05-17 15:17:36 [scrapy.middleware] INFO: Enabled item pipelines:
['Maoyan.pipelines.MaoyanMysqlPipline', 'Maoyan.pipelines.MaoyanPipeline']
2020-05-17 15:17:36 [scrapy.core.engine] INFO: Spider opened
2020-05-17 15:17:36 [scrapy.extensions.logstats] INFO: Crawled 0 pages (at 0 pages/min), scraped 0 items (at 0 items/min)
2020-05-17 15:17:36 [scrapy.extensions.telnet] INFO: Telnet console listening on 127.0.0.1:6023
2020-05-17 15:17:37 [scrapy.core.engine] INFO: Closing spider (finished)
2020-05-17 15:17:37 [scrapy.statscollectors] INFO: Dumping Scrapy stats:
{'downloader/request_bytes': 667,
 'downloader/request_count': 2,
 'downloader/request_method_count/GET': 2,
 'downloader/response_bytes': 16322,
 'downloader/response_count': 2,
 'downloader/response_status_count/200': 1,
 'downloader/response_status_count/302': 1,
 'finish_reason': 'finished',
 'finish_time': datetime.datetime(2020, 5, 17, 7, 17, 37, 312941),
 'log_count/INFO': 9,
 'response_received_count': 1,
 'scheduler/dequeued': 2,
 'scheduler/dequeued/memory': 2,
 'scheduler/enqueued': 2,
 'scheduler/enqueued/memory': 2,
 'start_time': datetime.datetime(2020, 5, 17, 7, 17, 36, 792911)}
2020-05-17 15:17:37 [scrapy.core.engine] INFO: Spider closed (finished)
2020-05-17 15:21:44 [scrapy.utils.log] INFO: Scrapy 1.6.0 started (bot: Maoyan)
2020-05-17 15:21:44 [scrapy.utils.log] INFO: Versions: lxml 4.1.0.0, libxml2 2.9.8, cssselect 1.0.3, parsel 1.5.1, w3lib 1.20.0, Twisted 19.2.0, Python 3.6.3 |Anaconda, Inc.| (default, Oct 15 2017, 03:27:45) [MSC v.1900 64 bit (AMD64)], pyOpenSSL 17.2.0 (OpenSSL 1.1.1d  10 Sep 2019), cryptography 2.6.1, Platform Windows-7-6.1.7601-SP1
2020-05-17 15:21:44 [scrapy.crawler] INFO: Overridden settings: {'BOT_NAME': 'Maoyan', 'LOG_FILE': 'maoyan.log', 'LOG_LEVEL': 'INFO', 'NEWSPIDER_MODULE': 'Maoyan.spiders', 'SPIDER_MODULES': ['Maoyan.spiders']}
2020-05-17 15:21:44 [scrapy.extensions.telnet] INFO: Telnet Password: 0443ab62fd1a66e4
2020-05-17 15:21:44 [scrapy.middleware] INFO: Enabled extensions:
['scrapy.extensions.corestats.CoreStats',
 'scrapy.extensions.telnet.TelnetConsole',
 'scrapy.extensions.logstats.LogStats']
2020-05-17 15:21:45 [scrapy.middleware] INFO: Enabled downloader middlewares:
['scrapy.downloadermiddlewares.httpauth.HttpAuthMiddleware',
 'scrapy.downloadermiddlewares.downloadtimeout.DownloadTimeoutMiddleware',
 'scrapy.downloadermiddlewares.defaultheaders.DefaultHeadersMiddleware',
 'scrapy.downloadermiddlewares.useragent.UserAgentMiddleware',
 'scrapy.downloadermiddlewares.retry.RetryMiddleware',
 'scrapy.downloadermiddlewares.redirect.MetaRefreshMiddleware',
 'scrapy.downloadermiddlewares.httpcompression.HttpCompressionMiddleware',
 'scrapy.downloadermiddlewares.redirect.RedirectMiddleware',
 'scrapy.downloadermiddlewares.cookies.CookiesMiddleware',
 'scrapy.downloadermiddlewares.httpproxy.HttpProxyMiddleware',
 'scrapy.downloadermiddlewares.stats.DownloaderStats']
2020-05-17 15:21:45 [scrapy.middleware] INFO: Enabled spider middlewares:
['scrapy.spidermiddlewares.httperror.HttpErrorMiddleware',
 'scrapy.spidermiddlewares.offsite.OffsiteMiddleware',
 'scrapy.spidermiddlewares.referer.RefererMiddleware',
 'scrapy.spidermiddlewares.urllength.UrlLengthMiddleware',
 'scrapy.spidermiddlewares.depth.DepthMiddleware']
2020-05-17 15:21:45 [scrapy.middleware] INFO: Enabled item pipelines:
['Maoyan.pipelines.MaoyanMysqlPipline', 'Maoyan.pipelines.MaoyanPipeline']
2020-05-17 15:21:45 [scrapy.core.engine] INFO: Spider opened
2020-05-17 15:21:45 [scrapy.extensions.logstats] INFO: Crawled 0 pages (at 0 pages/min), scraped 0 items (at 0 items/min)
2020-05-17 15:21:45 [scrapy.extensions.telnet] INFO: Telnet console listening on 127.0.0.1:6023
2020-05-17 15:21:47 [scrapy.core.engine] INFO: Closing spider (finished)
2020-05-17 15:21:47 [scrapy.statscollectors] INFO: Dumping Scrapy stats:
{'downloader/request_bytes': 202,
 'downloader/request_count': 1,
 'downloader/request_method_count/GET': 1,
 'downloader/response_bytes': 6653,
 'downloader/response_count': 1,
 'downloader/response_status_count/200': 1,
 'finish_reason': 'finished',
 'finish_time': datetime.datetime(2020, 5, 17, 7, 21, 47, 559254),
 'item_scraped_count': 10,
 'log_count/INFO': 9,
 'response_received_count': 1,
 'scheduler/dequeued': 1,
 'scheduler/dequeued/memory': 1,
 'scheduler/enqueued': 1,
 'scheduler/enqueued/memory': 1,
 'start_time': datetime.datetime(2020, 5, 17, 7, 21, 45, 329127)}
2020-05-17 15:21:47 [scrapy.core.engine] INFO: Spider closed (finished)
